code/HouseProject/app/build/outputs/logs/manifest-merger-debug-report.txt
-- Merging decision tree log ---
manifest
ADDED from src\main\AndroidManifest.xml:2:1-404:12
INJECTED from src\main\AndroidManifest.xml:2:1-404:12
INJECTED from src\main\AndroidManifest.xml:2:1-404:12
INJECTED from src\main\AndroidManifest.xml:2:1-404:12
MERGED from [com.android.support:support-v4:22.2.1] AndroidManifest.xml:17:1-24:12
INJECTED from src\main\AndroidManifest.xml:2:1-404:12
INJECTED from src\main\AndroidManifest.xml:2:1-404:12
INJECTED from src\main\AndroidManifest.xml:2:1-404:12
	package
		ADDED from src\main\AndroidManifest.xml:3:5-25
		INJECTED from src\main\AndroidManifest.xml
		INJECTED from src\main\AndroidManifest.xml
	android:versionName
		ADDED from src\main\AndroidManifest.xml:5:5-30
		INJECTED from src\main\AndroidManifest.xml
		INJECTED from src\main\AndroidManifest.xml
	xmlns:android
		ADDED from src\main\AndroidManifest.xml:2:11-69
	android:versionCode
		ADDED from src\main\AndroidManifest.xml:4:5-28
		INJECTED from src\main\AndroidManifest.xml
		INJECTED from src\main\AndroidManifest.xml
uses-sdk
ADDED from src\main\AndroidManifest.xml:7:5-9:41
INJECTED from src\main\AndroidManifest.xml:7:5-9:41
INJECTED from src\main\AndroidManifest.xml:7:5-9:41
MERGED from [com.android.support:support-v4:22.2.1] AndroidManifest.xml:20:5-43
MERGED from [com.android.support:support-v4:22.2.1] AndroidManifest.xml:20:5-43
INJECTED from src\main\AndroidManifest.xml:7:5-9:41
INJECTED from src\main\AndroidManifest.xml:7:5-9:41
	android:targetSdkVersion
		ADDED from src\main\AndroidManifest.xml:9:9-38
		INJECTED from src\main\AndroidManifest.xml
		INJECTED from src\main\AndroidManifest.xml
	android:minSdkVersion
		ADDED from src\main\AndroidManifest.xml:8:9-34
		INJECTED from src\main\AndroidManifest.xml
		INJECTED from src\main\AndroidManifest.xml
uses-permission#android.permission.INTERNET
ADDED from src\main\AndroidManifest.xml:11:5-67
	android:name
		ADDED from src\main\AndroidManifest.xml:11:22-64
uses-permission#android.permission.WRITE_EXTERNAL_STORAGE
ADDED from src\main\AndroidManifest.xml:12:5-81
	android:name
		ADDED from src\main\AndroidManifest.xml:12:22-78
uses-permission#android.permission.ACCESS_COARSE_LOCATION
ADDED from src\main\AndroidManifest.xml:13:5-81
	android:name
		ADDED from src\main\AndroidManifest.xml:13:22-78
uses-permission#android.permission.ACCESS_NETWORK_STATE
ADDED from src\main\AndroidManifest.xml:14:5-79
	android:name
		ADDED from src\main\AndroidManifest.xml:14:22-76
uses-permission#android.permission.ACCESS_FINE_LOCATION
ADDED from src\main\AndroidManifest.xml:15:5-79
	android:name
		ADDED from src\main\AndroidManifest.xml:15:22-76
uses-permission#android.permission.READ_PHONE_STATE
ADDED from src\main\AndroidManifest.xml:16:5-75
	android:name
		ADDED from src\main\AndroidManifest.xml:16:22-72
uses-permission#android.permission.CHANGE_WIFI_STATE
ADDED from src\main\AndroidManifest.xml:17:5-76
	android:name
		ADDED from src\main\AndroidManifest.xml:17:22-73
uses-permission#android.permission.ACCESS_WIFI_STATE
ADDED from src\main\AndroidManifest.xml:18:5-76
	android:name
		ADDED from src\main\AndroidManifest.xml:18:22-73
uses-permission#android.permission.WAKE_LOCK
ADDED from src\main\AndroidManifest.xml:19:5-68
	android:name
		ADDED from src\main\AndroidManifest.xml:19:22-65
uses-permission#android.permission.GET_TASKS
ADDED from src\main\AndroidManifest.xml:25:5-68
	android:name
		ADDED from src\main\AndroidManifest.xml:25:22-65
uses-permission#android.permission.INTERACT_ACROSS_USERS_FULL
ADDED from src\main\AndroidManifest.xml:26:5-85
	android:name
		ADDED from src\main\AndroidManifest.xml:26:22-82
uses-permission#android.permission.CHANGE_CONFIGURATION
ADDED from src\main\AndroidManifest.xml:35:5-79
	android:name
		ADDED from src\main\AndroidManifest.xml:35:22-76
uses-permission#android.permission.CHANGE_NETWORK_STATE
ADDED from src\main\AndroidManifest.xml:48:5-79
	android:name
		ADDED from src\main\AndroidManifest.xml:48:22-76
uses-permission#org.simalliance.openmobileapi.SMARTCARD
ADDED from src\main\AndroidManifest.xml:55:5-79
	android:name
		ADDED from src\main\AndroidManifest.xml:55:22-76
uses-permission#android.permission.WRITE_SETTINGS
ADDED from src\main\AndroidManifest.xml:56:5-73
	android:name
		ADDED from src\main\AndroidManifest.xml:56:22-70
application
ADDED from src\main\AndroidManifest.xml:67:5-402:19
MERGED from [com.android.support:support-v4:22.2.1] AndroidManifest.xml:22:5-20
MERGED from [com.android.support:support-v4:22.2.1] AndroidManifest.xml:22:5-20
	android:label
		ADDED from src\main\AndroidManifest.xml:71:9-41
	android:icon
		ADDED from src\main\AndroidManifest.xml:70:9-46
	android:allowBackup
		ADDED from src\main\AndroidManifest.xml:69:9-35
	android:theme
		ADDED from src\main\AndroidManifest.xml:72:9-56
	android:name
		ADDED from src\main\AndroidManifest.xml:68:9-50
service#com.amap.api.location.APSService
ADDED from src\main\AndroidManifest.xml:73:9-68
	android:name
		ADDED from src\main\AndroidManifest.xml:73:18-65
meta-data#com.amap.api.v2.apikey
ADDED from src\main\AndroidManifest.xml:75:9-77:64
	android:value
		ADDED from src\main\AndroidManifest.xml:77:13-61
	android:name
		ADDED from src\main\AndroidManifest.xml:76:13-50
activity#com.rental.LoginActivity
ADDED from src\main\AndroidManifest.xml:79:9-87:20
	android:label
		ADDED from src\main\AndroidManifest.xml:81:13-45
	android:name
		ADDED from src\main\AndroidManifest.xml:80:13-42
intent-filter#android.intent.action.MAIN+android.intent.category.LAUNCHER
ADDED from src\main\AndroidManifest.xml:82:13-86:29
action#android.intent.action.MAIN
ADDED from src\main\AndroidManifest.xml:83:17-69
	android:name
		ADDED from src\main\AndroidManifest.xml:83:25-66
category#android.intent.category.LAUNCHER
ADDED from src\main\AndroidManifest.xml:85:17-77
	android:name
		ADDED from src\main\AndroidManifest.xml:85:27-74
activity#com.rental.XieYiActivity
ADDED from src\main\AndroidManifest.xml:88:9-91:20
	android:label
		ADDED from src\main\AndroidManifest.xml:90:13-57
	android:name
		ADDED from src\main\AndroidManifest.xml:89:13-42
activity#com.rental.NewsMessageActivity
ADDED from src\main\AndroidManifest.xml:93:10-96:20
	android:label
		ADDED from src\main\AndroidManifest.xml:95:13-57
	android:name
		ADDED from src\main\AndroidManifest.xml:94:13-48
activity#com.rental.ReviewCreatActivity
ADDED from src\main\AndroidManifest.xml:97:14-100:20
	android:label
		ADDED from src\main\AndroidManifest.xml:99:13-57
	android:name
		ADDED from src\main\AndroidManifest.xml:98:13-48
activity#com.rental.PswdForgetActivity
ADDED from src\main\AndroidManifest.xml:103:12-106:20
	android:label
		ADDED from src\main\AndroidManifest.xml:105:13-57
	android:name
		ADDED from src\main\AndroidManifest.xml:104:13-47
activity#com.rental.FrameworkActivity
ADDED from src\main\AndroidManifest.xml:109:9-113:20
	android:label
		ADDED from src\main\AndroidManifest.xml:111:13-57
	android:windowSoftInputMode
		ADDED from src\main\AndroidManifest.xml:112:13-54
	android:name
		ADDED from src\main\AndroidManifest.xml:110:13-46
activity#com.rental.QueryActivity
ADDED from src\main\AndroidManifest.xml:114:9-117:20
	android:label
		ADDED from src\main\AndroidManifest.xml:116:13-57
	android:name
		ADDED from src\main\AndroidManifest.xml:115:13-42
activity#com.rental.LocationActivity
ADDED from src\main\AndroidManifest.xml:118:9-121:20
	android:label
		ADDED from src\main\AndroidManifest.xml:120:13-60
	android:name
		ADDED from src\main\AndroidManifest.xml:119:13-45
activity#com.rental.IntroduceActivity
ADDED from src\main\AndroidManifest.xml:122:9-125:20
	android:label
		ADDED from src\main\AndroidManifest.xml:124:13-61
	android:name
		ADDED from src\main\AndroidManifest.xml:123:13-46
activity#com.rental.CreatActivity
ADDED from src\main\AndroidManifest.xml:126:9-129:20
	android:label
		ADDED from src\main\AndroidManifest.xml:128:13-57
	android:name
		ADDED from src\main\AndroidManifest.xml:127:13-42
activity#com.pony.photo.ui.SelectImagesActivity
ADDED from src\main\AndroidManifest.xml:130:9-133:20
	android:label
		ADDED from src\main\AndroidManifest.xml:132:13-65
	android:name
		ADDED from src\main\AndroidManifest.xml:131:13-66
activity#com.pony.photo.ui.ShowPictureActivity
ADDED from src\main\AndroidManifest.xml:134:9-137:20
	android:label
		ADDED from src\main\AndroidManifest.xml:136:13-64
	android:name
		ADDED from src\main\AndroidManifest.xml:135:13-65
activity#com.pony.photo.ui.ShowPicturesActivity
ADDED from src\main\AndroidManifest.xml:138:9-141:20
	android:label
		ADDED from src\main\AndroidManifest.xml:140:13-64
	android:name
		ADDED from src\main\AndroidManifest.xml:139:13-66
activity#com.pony.photo.ui.ShowCreatePicturesActivity
ADDED from src\main\AndroidManifest.xml:142:9-145:20
	android:label
		ADDED from src\main\AndroidManifest.xml:144:13-72
	android:name
		ADDED from src\main\AndroidManifest.xml:143:13-72
activity#com.rental.ReportPersonActivity
ADDED from src\main\AndroidManifest.xml:146:9-149:20
	android:label
		ADDED from src\main\AndroidManifest.xml:148:13-65
	android:name
		ADDED from src\main\AndroidManifest.xml:147:13-49
activity#com.rental.ReportComplaintActivity
ADDED from src\main\AndroidManifest.xml:150:9-153:20
	android:label
		ADDED from src\main\AndroidManifest.xml:152:13-68
	android:name
		ADDED from src\main\AndroidManifest.xml:151:13-52
activity#com.rental.ReportSafeActivity
ADDED from src\main\AndroidManifest.xml:154:9-157:20
	android:label
		ADDED from src\main\AndroidManifest.xml:156:13-63
	android:name
		ADDED from src\main\AndroidManifest.xml:155:13-47
activity#com.rental.PersonTitleActivity
ADDED from src\main\AndroidManifest.xml:158:9-161:20
	android:label
		ADDED from src\main\AndroidManifest.xml:160:13-64
	android:name
		ADDED from src\main\AndroidManifest.xml:159:13-48
activity#com.rental.PersonGradeActivity
ADDED from src\main\AndroidManifest.xml:162:9-165:20
	android:label
		ADDED from src\main\AndroidManifest.xml:164:13-64
	android:name
		ADDED from src\main\AndroidManifest.xml:163:13-48
activity#com.rental.PersonPractitionersActivity
ADDED from src\main\AndroidManifest.xml:166:9-171:20
	android:screenOrientation
		ADDED from src\main\AndroidManifest.xml:169:13-49
	android:label
		ADDED from src\main\AndroidManifest.xml:168:13-64
	android:windowSoftInputMode
		ADDED from src\main\AndroidManifest.xml:170:13-54
	android:name
		ADDED from src\main\AndroidManifest.xml:167:13-56
activity#com.rental.PersonAddActivity
ADDED from src\main\AndroidManifest.xml:172:9-176:20
	android:label
		ADDED from src\main\AndroidManifest.xml:174:13-62
	android:windowSoftInputMode
		ADDED from src\main\AndroidManifest.xml:175:13-54
	android:name
		ADDED from src\main\AndroidManifest.xml:173:13-46
activity#com.rental.YearResultActivity
ADDED from src\main\AndroidManifest.xml:177:9-180:20
	android:label
		ADDED from src\main\AndroidManifest.xml:179:13-63
	android:name
		ADDED from src\main\AndroidManifest.xml:178:13-47
activity#com.rental.YearRecordActivity
ADDED from src\main\AndroidManifest.xml:181:9-184:20
	android:label
		ADDED from src\main\AndroidManifest.xml:183:13-63
	android:name
		ADDED from src\main\AndroidManifest.xml:182:13-47
activity#com.rental.HouseMessageActivity
ADDED from src\main\AndroidManifest.xml:186:9-189:20
	android:label
		ADDED from src\main\AndroidManifest.xml:188:13-65
	android:name
		ADDED from src\main\AndroidManifest.xml:187:13-49
activity#com.rental.PayMessageActivity
ADDED from src\main\AndroidManifest.xml:190:9-193:20
	android:label
		ADDED from src\main\AndroidManifest.xml:192:13-63
	android:name
		ADDED from src\main\AndroidManifest.xml:191:13-47
activity#com.rental.PayMaiMessageActivity
ADDED from src\main\AndroidManifest.xml:194:9-197:20
	android:label
		ADDED from src\main\AndroidManifest.xml:196:13-57
	android:name
		ADDED from src\main\AndroidManifest.xml:195:13-60
activity#com.rental.OrderMessageActivity
ADDED from src\main\AndroidManifest.xml:198:9-201:20
	android:label
		ADDED from src\main\AndroidManifest.xml:200:13-57
	android:name
		ADDED from src\main\AndroidManifest.xml:199:13-59
activity#com.rental.UserActivity
ADDED from src\main\AndroidManifest.xml:202:9-205:20
	android:label
		ADDED from src\main\AndroidManifest.xml:204:13-57
	android:name
		ADDED from src\main\AndroidManifest.xml:203:13-51
activity#com.rental.CreateXuQiuActivity
ADDED from src\main\AndroidManifest.xml:206:9-209:20
	android:label
		ADDED from src\main\AndroidManifest.xml:208:13-57
	android:name
		ADDED from src\main\AndroidManifest.xml:207:13-58
activity#com.rental.MyFaBuListActivity
ADDED from src\main\AndroidManifest.xml:211:12-214:20
	android:label
		ADDED from src\main\AndroidManifest.xml:213:13-57
	android:name
		ADDED from src\main\AndroidManifest.xml:212:13-57
activity#com.rental.CategoryAddIncomeActivity
ADDED from src\main\AndroidManifest.xml:217:9-220:20
	android:label
		ADDED from src\main\AndroidManifest.xml:219:13-57
	android:name
		ADDED from src\main\AndroidManifest.xml:218:13-64
activity#com.rental.PayOrderMessageActivity
ADDED from src\main\AndroidManifest.xml:221:9-224:20
	android:label
		ADDED from src\main\AndroidManifest.xml:223:13-57
	android:name
		ADDED from src\main\AndroidManifest.xml:222:13-62
activity#com.rental.CategoryIncomeActivity
ADDED from src\main\AndroidManifest.xml:225:9-228:20
	android:label
		ADDED from src\main\AndroidManifest.xml:227:13-57
	android:name
		ADDED from src\main\AndroidManifest.xml:226:13-61
activity#com.rental.CategoryCostActivity
ADDED from src\main\AndroidManifest.xml:229:9-232:20
	android:label
		ADDED from src\main\AndroidManifest.xml:231:13-57
	android:name
		ADDED from src\main\AndroidManifest.xml:230:13-59
activity#com.rental.MessageActivity
ADDED from src\main\AndroidManifest.xml:233:9-238:20
	android:screenOrientation
		ADDED from src\main\AndroidManifest.xml:237:13-49
	android:label
		ADDED from src\main\AndroidManifest.xml:236:13-57
	android:configChanges
		ADDED from src\main\AndroidManifest.xml:235:13-74
	android:name
		ADDED from src\main\AndroidManifest.xml:234:13-54
activity#com.rental.ImAddActivity
ADDED from src\main\AndroidManifest.xml:239:9-242:20
	android:label
		ADDED from src\main\AndroidManifest.xml:241:13-57
	android:name
		ADDED from src\main\AndroidManifest.xml:240:13-52
activity#com.rental.SetingMoneyActivity
ADDED from src\main\AndroidManifest.xml:243:9-246:20
	android:label
		ADDED from src\main\AndroidManifest.xml:245:13-57
	android:name
		ADDED from src\main\AndroidManifest.xml:244:13-58
activity#com.rental.StatisticsActivity
ADDED from src\main\AndroidManifest.xml:247:9-250:20
	android:label
		ADDED from src\main\AndroidManifest.xml:249:13-57
	android:name
		ADDED from src\main\AndroidManifest.xml:248:13-57
activity#com.rental.MonthMessageActivity
ADDED from src\main\AndroidManifest.xml:251:9-254:20
	android:label
		ADDED from src\main\AndroidManifest.xml:253:13-57
	android:name
		ADDED from src\main\AndroidManifest.xml:252:13-59
activity#com.rental.ImActivity
ADDED from src\main\AndroidManifest.xml:255:9-258:20
	android:label
		ADDED from src\main\AndroidManifest.xml:257:13-57
	android:name
		ADDED from src\main\AndroidManifest.xml:256:13-49
activity#com.rental.FrameworkStudentActivity
ADDED from src\main\AndroidManifest.xml:259:9-262:20
	android:label
		ADDED from src\main\AndroidManifest.xml:261:13-57
	android:name
		ADDED from src\main\AndroidManifest.xml:260:13-63
activity#com.rental.CreateMessagePersonActivity
ADDED from src\main\AndroidManifest.xml:263:9-266:20
	android:label
		ADDED from src\main\AndroidManifest.xml:265:13-57
	android:name
		ADDED from src\main\AndroidManifest.xml:264:13-66
activity#com.rental.SignActivity
ADDED from src\main\AndroidManifest.xml:267:9-270:20
	android:label
		ADDED from src\main\AndroidManifest.xml:269:13-57
	android:name
		ADDED from src\main\AndroidManifest.xml:268:13-51
activity#com.rental.ImJobActivity
ADDED from src\main\AndroidManifest.xml:271:9-274:20
	android:label
		ADDED from src\main\AndroidManifest.xml:273:13-57
	android:name
		ADDED from src\main\AndroidManifest.xml:272:13-52
activity#com.rental.ApplyUserListActivity
ADDED from src\main\AndroidManifest.xml:275:9-278:20
	android:label
		ADDED from src\main\AndroidManifest.xml:277:13-57
	android:name
		ADDED from src\main\AndroidManifest.xml:276:13-60
activity#com.rental.MyTransactionActivity
ADDED from src\main\AndroidManifest.xml:280:14-283:20
	android:label
		ADDED from src\main\AndroidManifest.xml:282:13-57
	android:name
		ADDED from src\main\AndroidManifest.xml:281:13-60
activity#com.rental.TranOrderMessageActivity
ADDED from src\main\AndroidManifest.xml:284:16-287:20
	android:label
		ADDED from src\main\AndroidManifest.xml:286:13-57
	android:name
		ADDED from src\main\AndroidManifest.xml:285:13-63
activity#com.rental.ApplyUserActivity
ADDED from src\main\AndroidManifest.xml:289:9-292:20
	android:label
		ADDED from src\main\AndroidManifest.xml:291:13-57
	android:name
		ADDED from src\main\AndroidManifest.xml:290:13-56
activity#com.rental.LeaveActivity
ADDED from src\main\AndroidManifest.xml:293:9-296:20
	android:label
		ADDED from src\main\AndroidManifest.xml:295:13-57
	android:name
		ADDED from src\main\AndroidManifest.xml:294:13-52
activity#com.rental.PrescriptionActivity
ADDED from src\main\AndroidManifest.xml:297:9-300:20
	android:label
		ADDED from src\main\AndroidManifest.xml:299:13-57
	android:name
		ADDED from src\main\AndroidManifest.xml:298:13-59
activity#com.rental.SoftMessageActivity
ADDED from src\main\AndroidManifest.xml:301:9-304:20
	android:label
		ADDED from src\main\AndroidManifest.xml:303:13-57
	android:name
		ADDED from src\main\AndroidManifest.xml:302:13-58
activity#com.rental.SignTeacherActivity
ADDED from src\main\AndroidManifest.xml:305:9-308:20
	android:label
		ADDED from src\main\AndroidManifest.xml:307:13-57
	android:name
		ADDED from src\main\AndroidManifest.xml:306:13-58
activity#com.rental.AppointmentrActivity
ADDED from src\main\AndroidManifest.xml:309:9-312:20
	android:label
		ADDED from src\main\AndroidManifest.xml:311:13-57
	android:name
		ADDED from src\main\AndroidManifest.xml:310:13-59
activity#com.rental.ScoreActivity
ADDED from src\main\AndroidManifest.xml:313:9-316:20
	android:label
		ADDED from src\main\AndroidManifest.xml:315:13-57
	android:name
		ADDED from src\main\AndroidManifest.xml:314:13-52
activity#com.rental.StundetScoreActivity
ADDED from src\main\AndroidManifest.xml:317:9-320:20
	android:label
		ADDED from src\main\AndroidManifest.xml:319:13-57
	android:name
		ADDED from src\main\AndroidManifest.xml:318:13-59
activity#com.rental.DoctorMessageActivity
ADDED from src\main\AndroidManifest.xml:321:9-324:20
	android:label
		ADDED from src\main\AndroidManifest.xml:323:13-57
	android:name
		ADDED from src\main\AndroidManifest.xml:322:13-60
activity#com.rental.NoticeMessageActivity
ADDED from src\main\AndroidManifest.xml:325:9-328:20
	android:label
		ADDED from src\main\AndroidManifest.xml:327:13-57
	android:name
		ADDED from src\main\AndroidManifest.xml:326:13-60
activity#com.rental.MeetingRoomListActivity
ADDED from src\main\AndroidManifest.xml:329:9-332:20
	android:label
		ADDED from src\main\AndroidManifest.xml:331:13-57
	android:name
		ADDED from src\main\AndroidManifest.xml:330:13-62
activity#com.rental.MeetingRoomMessageActivity
ADDED from src\main\AndroidManifest.xml:333:9-336:20
	android:label
		ADDED from src\main\AndroidManifest.xml:335:13-57
	android:name
		ADDED from src\main\AndroidManifest.xml:334:13-65
activity#com.rental.AppointmentMessageActivity
ADDED from src\main\AndroidManifest.xml:337:9-340:20
	android:label
		ADDED from src\main\AndroidManifest.xml:339:13-57
	android:name
		ADDED from src\main\AndroidManifest.xml:338:13-65
activity#com.rental.NaviActivity
ADDED from src\main\AndroidManifest.xml:341:9-344:20
	android:label
		ADDED from src\main\AndroidManifest.xml:343:13-57
	android:name
		ADDED from src\main\AndroidManifest.xml:342:13-51
activity#com.rental.CreateShoppingActivity
ADDED from src\main\AndroidManifest.xml:345:9-348:20
	android:label
		ADDED from src\main\AndroidManifest.xml:347:13-57
	android:name
		ADDED from src\main\AndroidManifest.xml:346:13-61
activity#com.rental.MyZuKeActivity
ADDED from src\main\AndroidManifest.xml:350:9-353:20
	android:label
		ADDED from src\main\AndroidManifest.xml:352:13-57
	android:name
		ADDED from src\main\AndroidManifest.xml:351:13-53
activity#com.rental.MyShopMessageActivity
ADDED from src\main\AndroidManifest.xml:354:10-357:20
	android:label
		ADDED from src\main\AndroidManifest.xml:356:13-57
	android:name
		ADDED from src\main\AndroidManifest.xml:355:13-60
activity#com.rental.UpdateCreatActivity
ADDED from src\main\AndroidManifest.xml:359:13-363:20
	android:label
		ADDED from src\main\AndroidManifest.xml:362:13-57
	android:windowSoftInputMode
		ADDED from src\main\AndroidManifest.xml:361:14-55
	android:name
		ADDED from src\main\AndroidManifest.xml:360:13-58
activity#com.rental.RegisterCreatActivity
ADDED from src\main\AndroidManifest.xml:364:12-368:20
	android:label
		ADDED from src\main\AndroidManifest.xml:367:13-57
	android:windowSoftInputMode
		ADDED from src\main\AndroidManifest.xml:366:14-55
	android:name
		ADDED from src\main\AndroidManifest.xml:365:13-60
activity#com.rental.JiaoYiActivity
ADDED from src\main\AndroidManifest.xml:369:17-373:20
	android:label
		ADDED from src\main\AndroidManifest.xml:372:13-57
	android:windowSoftInputMode
		ADDED from src\main\AndroidManifest.xml:371:14-55
	android:name
		ADDED from src\main\AndroidManifest.xml:370:13-53
activity#com.rental.MyReviewShopActivity
ADDED from src\main\AndroidManifest.xml:375:15-379:20
	android:label
		ADDED from src\main\AndroidManifest.xml:378:13-57
	android:windowSoftInputMode
		ADDED from src\main\AndroidManifest.xml:377:14-55
	android:name
		ADDED from src\main\AndroidManifest.xml:376:13-59
activity#com.rental.MyApplyActivity
ADDED from src\main\AndroidManifest.xml:380:15-384:20
	android:label
		ADDED from src\main\AndroidManifest.xml:383:13-57
	android:windowSoftInputMode
		ADDED from src\main\AndroidManifest.xml:382:14-55
	android:name
		ADDED from src\main\AndroidManifest.xml:381:13-54
activity#com.rental.UpdatePswdActivity
ADDED from src\main\AndroidManifest.xml:385:14-389:20
	android:label
		ADDED from src\main\AndroidManifest.xml:388:13-57
	android:windowSoftInputMode
		ADDED from src\main\AndroidManifest.xml:387:14-55
	android:name
		ADDED from src\main\AndroidManifest.xml:386:13-57
activity#com.rental.UpdateAddressActivity
ADDED from src\main\AndroidManifest.xml:390:19-394:20
	android:label
		ADDED from src\main\AndroidManifest.xml:393:13-57
	android:windowSoftInputMode
		ADDED from src\main\AndroidManifest.xml:392:14-55
	android:name
		ADDED from src\main\AndroidManifest.xml:391:13-60
activity#com.rental.SearchActivity
ADDED from src\main\AndroidManifest.xml:396:31-400:20
	android:label
		ADDED from src\main\AndroidManifest.xml:399:13-57
	android:windowSoftInputMode
		ADDED from src\main\AndroidManifest.xml:398:14-55
	android:name
		ADDED from src\main\AndroidManifest.xml:397:13-53